2024-07-15T02:57:58.141Z [info]: Data saved for tether
2024-07-15T02:57:58.910Z [info]: Data saved for ethereum
2024-07-15T02:57:58.911Z [info]: Data saved for bitcoin
2024-07-15T02:57:58.912Z [info]: Data saved for binancecoin
2024-07-15T02:57:59.204Z [info]: Data saved for solana
2024-07-15T02:57:59.204Z [info]: Updated all stocks data at 2024-07-15T02:57:59.204Z
2024-07-15T02:57:59.712Z [info]: Data saved for tether
2024-07-15T02:57:59.729Z [info]: Data saved for ethereum
2024-07-15T02:57:59.730Z [info]: Data saved for binancecoin
2024-07-15T02:57:59.730Z [info]: Data saved for solana
2024-07-15T02:57:59.731Z [info]: Data saved for bitcoin
2024-07-15T02:57:59.731Z [info]: Updated all stocks data at 2024-07-15T02:57:59.731Z
2024-07-15T02:58:01.716Z [info]: Data saved for bitcoin
2024-07-15T02:58:01.717Z [info]: Data saved for tether
2024-07-15T02:58:01.730Z [info]: Data saved for solana
2024-07-15T02:58:01.730Z [info]: Data saved for ethereum
2024-07-15T02:58:01.731Z [info]: Data saved for binancecoin
2024-07-15T02:58:01.731Z [info]: Updated all stocks data at 2024-07-15T02:58:01.731Z
2024-07-15T02:58:03.698Z [info]: Data saved for ethereum
2024-07-15T02:58:03.706Z [info]: Data saved for solana
2024-07-15T02:58:03.706Z [info]: Data saved for tether
2024-07-15T02:58:03.707Z [info]: Data saved for bitcoin
2024-07-15T02:58:03.714Z [info]: Data saved for binancecoin
2024-07-15T02:58:03.714Z [info]: Updated all stocks data at 2024-07-15T02:58:03.714Z
2024-07-15T02:58:05.717Z [info]: Data saved for solana
2024-07-15T02:58:05.719Z [info]: Data saved for ethereum
2024-07-15T02:58:05.720Z [info]: Data saved for binancecoin
2024-07-15T02:58:05.723Z [info]: Data saved for bitcoin
2024-07-15T02:58:05.729Z [info]: Data saved for tether
2024-07-15T02:58:05.729Z [info]: Updated all stocks data at 2024-07-15T02:58:05.729Z
2024-07-15T02:58:07.721Z [info]: Data saved for ethereum
2024-07-15T02:58:07.722Z [info]: Data saved for solana
2024-07-15T02:58:07.722Z [info]: Data saved for binancecoin
2024-07-15T02:58:07.723Z [info]: Data saved for bitcoin
2024-07-15T02:58:07.727Z [info]: Data saved for tether
2024-07-15T02:58:07.727Z [info]: Updated all stocks data at 2024-07-15T02:58:07.727Z
2024-07-15T02:58:09.711Z [info]: Data saved for solana
2024-07-15T02:58:09.724Z [info]: Data saved for binancecoin
2024-07-15T02:58:09.725Z [info]: Data saved for tether
2024-07-15T02:58:09.729Z [info]: Data saved for ethereum
2024-07-15T02:58:09.734Z [info]: Data saved for bitcoin
2024-07-15T02:58:09.734Z [info]: Updated all stocks data at 2024-07-15T02:58:09.734Z
2024-07-15T02:58:11.727Z [info]: Data saved for bitcoin
2024-07-15T02:58:11.728Z [info]: Data saved for solana
2024-07-15T02:58:11.735Z [info]: Data saved for binancecoin
2024-07-15T02:58:11.736Z [info]: Data saved for tether
2024-07-15T02:58:11.736Z [info]: Data saved for ethereum
2024-07-15T02:58:11.736Z [info]: Updated all stocks data at 2024-07-15T02:58:11.736Z
2024-07-15T02:58:13.728Z [info]: Data saved for tether
2024-07-15T02:58:13.729Z [info]: Data saved for ethereum
2024-07-15T02:58:13.729Z [info]: Data saved for solana
2024-07-15T02:58:13.730Z [info]: Data saved for binancecoin
2024-07-15T02:58:13.733Z [info]: Data saved for bitcoin
2024-07-15T02:58:13.733Z [info]: Updated all stocks data at 2024-07-15T02:58:13.733Z
2024-07-15T02:58:15.719Z [info]: Data saved for bitcoin
2024-07-15T02:58:15.720Z [info]: Data saved for binancecoin
2024-07-15T02:58:15.728Z [info]: Data saved for solana
2024-07-15T02:58:15.729Z [info]: Data saved for tether
2024-07-15T02:58:15.729Z [info]: Data saved for ethereum
2024-07-15T02:58:15.729Z [info]: Updated all stocks data at 2024-07-15T02:58:15.729Z
2024-07-15T02:58:17.717Z [info]: Data saved for tether
2024-07-15T02:58:17.723Z [info]: Data saved for binancecoin
2024-07-15T02:58:17.726Z [info]: Data saved for ethereum
2024-07-15T02:58:17.733Z [info]: Data saved for bitcoin
2024-07-15T02:58:17.927Z [info]: Data saved for solana
2024-07-15T02:58:17.927Z [info]: Updated all stocks data at 2024-07-15T02:58:17.927Z
2024-07-15T02:58:19.723Z [info]: Data saved for solana
2024-07-15T02:58:19.725Z [info]: Data saved for binancecoin
2024-07-15T02:58:19.727Z [info]: Data saved for ethereum
2024-07-15T02:58:19.732Z [info]: Data saved for tether
2024-07-15T02:58:19.733Z [info]: Data saved for bitcoin
2024-07-15T02:58:19.733Z [info]: Updated all stocks data at 2024-07-15T02:58:19.733Z
2024-07-15T02:58:21.722Z [info]: Data saved for tether
2024-07-15T02:58:21.723Z [info]: Data saved for bitcoin
2024-07-15T02:58:21.732Z [info]: Data saved for solana
2024-07-15T02:58:21.734Z [info]: Data saved for binancecoin
2024-07-15T02:58:21.739Z [info]: Data saved for ethereum
2024-07-15T02:58:21.739Z [info]: Updated all stocks data at 2024-07-15T02:58:21.739Z
2024-07-15T02:58:23.723Z [info]: Data saved for tether
2024-07-15T02:58:23.724Z [info]: Data saved for bitcoin
2024-07-15T02:58:23.726Z [info]: Data saved for binancecoin
2024-07-15T02:58:23.734Z [info]: Data saved for ethereum
2024-07-15T02:58:23.736Z [info]: Data saved for solana
2024-07-15T02:58:23.736Z [info]: Updated all stocks data at 2024-07-15T02:58:23.736Z
2024-07-15T02:58:25.733Z [info]: Data saved for tether
2024-07-15T02:58:25.736Z [info]: Data saved for binancecoin
2024-07-15T02:58:25.745Z [info]: Data saved for bitcoin
2024-07-15T02:58:25.747Z [info]: Data saved for solana
2024-07-15T02:58:25.748Z [info]: Data saved for ethereum
2024-07-15T02:58:25.748Z [info]: Updated all stocks data at 2024-07-15T02:58:25.748Z
2024-07-15T02:58:27.740Z [info]: Data saved for binancecoin
2024-07-15T02:58:27.741Z [info]: Data saved for solana
2024-07-15T02:58:27.741Z [info]: Data saved for bitcoin
2024-07-15T02:58:27.747Z [info]: Data saved for tether
2024-07-15T02:58:27.747Z [info]: Data saved for ethereum
2024-07-15T02:58:27.747Z [info]: Updated all stocks data at 2024-07-15T02:58:27.747Z
2024-07-15T02:58:29.708Z [info]: Data saved for tether
2024-07-15T02:58:29.716Z [info]: Data saved for binancecoin
2024-07-15T02:58:29.716Z [info]: Data saved for solana
2024-07-15T02:58:29.716Z [info]: Data saved for bitcoin
2024-07-15T02:58:29.723Z [info]: Data saved for ethereum
2024-07-15T02:58:29.723Z [info]: Updated all stocks data at 2024-07-15T02:58:29.723Z
2024-07-15T02:58:31.707Z [info]: Data saved for ethereum
2024-07-15T02:58:31.708Z [info]: Data saved for tether
2024-07-15T02:58:31.714Z [info]: Data saved for binancecoin
2024-07-15T02:58:31.715Z [info]: Data saved for bitcoin
2024-07-15T02:58:31.715Z [info]: Data saved for solana
2024-07-15T02:58:31.715Z [info]: Updated all stocks data at 2024-07-15T02:58:31.715Z
2024-07-15T04:22:53.913Z [info]: Data saved for ethereum
2024-07-15T04:22:53.931Z [info]: Data saved for tether
2024-07-15T04:22:53.932Z [info]: Data saved for bitcoin
2024-07-15T04:22:53.932Z [info]: Data saved for binancecoin
2024-07-15T04:22:53.936Z [info]: Data saved for solana
2024-07-15T04:22:53.936Z [info]: Updated all stocks data at 2024-07-15T04:22:53.936Z
2024-07-15T04:22:54.789Z [info]: Data saved for ethereum
2024-07-15T04:22:54.791Z [info]: Data saved for tether
2024-07-15T04:22:54.795Z [info]: Data saved for binancecoin
2024-07-15T04:22:54.796Z [info]: Data saved for bitcoin
2024-07-15T04:22:54.798Z [info]: Data saved for solana
2024-07-15T04:22:54.798Z [info]: Updated all stocks data at 2024-07-15T04:22:54.798Z
2024-07-15T04:22:56.824Z [info]: Data saved for bitcoin
2024-07-15T04:22:56.825Z [info]: Data saved for binancecoin
2024-07-15T04:22:56.826Z [info]: Data saved for solana
2024-07-15T04:22:56.826Z [info]: Data saved for tether
2024-07-15T04:22:56.830Z [info]: Data saved for ethereum
2024-07-15T04:22:56.831Z [info]: Updated all stocks data at 2024-07-15T04:22:56.831Z
2024-07-15T04:22:58.803Z [info]: Data saved for binancecoin
2024-07-15T04:22:58.813Z [info]: Data saved for bitcoin
2024-07-15T04:22:58.813Z [info]: Data saved for solana
2024-07-15T04:22:58.818Z [info]: Data saved for ethereum
2024-07-15T04:22:58.819Z [info]: Data saved for tether
2024-07-15T04:22:58.819Z [info]: Updated all stocks data at 2024-07-15T04:22:58.819Z
2024-07-15T04:23:00.797Z [info]: Data saved for ethereum
2024-07-15T04:23:00.798Z [info]: Data saved for bitcoin
2024-07-15T04:23:00.805Z [info]: Data saved for solana
2024-07-15T04:23:00.805Z [info]: Data saved for binancecoin
2024-07-15T04:23:00.806Z [info]: Data saved for tether
2024-07-15T04:23:00.806Z [info]: Updated all stocks data at 2024-07-15T04:23:00.806Z
2024-07-15T04:23:02.826Z [info]: Data saved for binancecoin
2024-07-15T04:23:02.826Z [info]: Data saved for tether
2024-07-15T04:23:02.827Z [info]: Data saved for ethereum
2024-07-15T04:23:02.828Z [info]: Data saved for bitcoin
2024-07-15T04:23:02.832Z [info]: Data saved for solana
2024-07-15T04:23:02.832Z [info]: Updated all stocks data at 2024-07-15T04:23:02.832Z
2024-07-15T04:23:04.815Z [info]: Data saved for binancecoin
2024-07-15T04:23:04.817Z [info]: Data saved for ethereum
2024-07-15T04:23:04.818Z [info]: Data saved for bitcoin
2024-07-15T04:23:04.827Z [info]: Data saved for solana
2024-07-15T04:23:04.830Z [info]: Data saved for tether
2024-07-15T04:23:04.830Z [info]: Updated all stocks data at 2024-07-15T04:23:04.830Z
2024-07-15T04:23:06.807Z [info]: Data saved for binancecoin
2024-07-15T04:23:06.809Z [info]: Data saved for bitcoin
2024-07-15T04:23:06.817Z [info]: Data saved for tether
2024-07-15T04:23:06.817Z [info]: Data saved for ethereum
2024-07-15T04:23:06.818Z [info]: Data saved for solana
2024-07-15T04:23:06.818Z [info]: Updated all stocks data at 2024-07-15T04:23:06.818Z
2024-07-15T04:23:08.804Z [info]: Data saved for binancecoin
2024-07-15T04:23:08.805Z [info]: Data saved for bitcoin
2024-07-15T04:23:08.813Z [info]: Data saved for solana
2024-07-15T04:23:08.817Z [info]: Data saved for ethereum
2024-07-15T04:23:08.818Z [info]: Data saved for tether
2024-07-15T04:23:08.818Z [info]: Updated all stocks data at 2024-07-15T04:23:08.818Z
2024-07-15T04:23:10.810Z [info]: Data saved for bitcoin
2024-07-15T04:23:10.817Z [info]: Data saved for ethereum
2024-07-15T04:23:10.818Z [info]: Data saved for solana
2024-07-15T04:23:10.820Z [info]: Data saved for binancecoin
2024-07-15T04:23:10.825Z [info]: Data saved for tether
2024-07-15T04:23:10.825Z [info]: Updated all stocks data at 2024-07-15T04:23:10.825Z
2024-07-15T04:23:12.802Z [info]: Data saved for binancecoin
2024-07-15T04:23:12.815Z [info]: Data saved for bitcoin
2024-07-15T04:23:12.816Z [info]: Data saved for tether
2024-07-15T04:23:12.820Z [info]: Data saved for ethereum
2024-07-15T04:23:12.821Z [info]: Data saved for solana
2024-07-15T04:23:12.821Z [info]: Updated all stocks data at 2024-07-15T04:23:12.821Z
2024-07-15T04:23:14.791Z [info]: Data saved for bitcoin
2024-07-15T04:23:14.795Z [info]: Data saved for solana
2024-07-15T04:23:14.801Z [info]: Data saved for ethereum
2024-07-15T04:23:14.802Z [info]: Data saved for binancecoin
2024-07-15T04:23:14.803Z [info]: Data saved for tether
2024-07-15T04:23:14.803Z [info]: Updated all stocks data at 2024-07-15T04:23:14.803Z
2024-07-15T04:23:16.799Z [info]: Data saved for bitcoin
2024-07-15T04:23:16.801Z [info]: Data saved for binancecoin
2024-07-15T04:23:16.801Z [info]: Data saved for solana
2024-07-15T04:23:16.807Z [info]: Data saved for tether
2024-07-15T04:23:16.809Z [info]: Data saved for ethereum
2024-07-15T04:23:16.809Z [info]: Updated all stocks data at 2024-07-15T04:23:16.809Z
2024-07-15T04:23:18.802Z [info]: Data saved for binancecoin
2024-07-15T04:23:18.804Z [info]: Data saved for tether
2024-07-15T04:23:18.804Z [info]: Data saved for bitcoin
2024-07-15T04:23:18.809Z [info]: Data saved for solana
2024-07-15T04:23:18.811Z [info]: Data saved for ethereum
2024-07-15T04:23:18.811Z [info]: Updated all stocks data at 2024-07-15T04:23:18.811Z
